<?xml version="1.0" encoding="UTF-8"?>
<!-- Generated by org.testng.reporters.JUnitReportReporter -->
<testsuite hostname="priyankalaptop" failures="0" tests="2" name="ui.TestNgAutosuggestiveDropdown" time="70.904" errors="0" timestamp="2023-07-26T09:33:44 IST" skipped="0">
  <testcase classname="ui.TestNgAutosuggestiveDropdown" name="DestinationDropdown" time="12.192"/>
  <system-out/>
  <testcase classname="ui.TestNgAutosuggestiveDropdown" name="fromDropdown" time="58.712"/>
  <system-out/>
</testsuite> <!-- ui.TestNgAutosuggestiveDropdown -->
